<?xml version="1.0" encoding="UTF-8"?>
<testsuite xmlns:xsi="http://www.w3.org/2001/XMLSchema-instance" xsi:noNamespaceSchemaLocation="https://maven.apache.org/surefire/maven-surefire-plugin/xsd/surefire-test-report.xsd" version="3.0.2" name="com.ols.service.TransactionServiceTest" time="0.272" tests="58" errors="0" skipped="0" failures="0" flakes="0">
  <properties>
[...]
</properties>
  <testcase name="findAll_shouldPassFiltersToRepository" classname="com.ols.service.TransactionServiceTest" time="0.102"/>
  <testcase name="findAll_shouldReturnPageOfSummaryDTOs" classname="com.ols.service.TransactionServiceTest" time="0.01"/>
  <testcase name="reprocess_shouldThrowIllegalStateException_whenStatusIsRetryPending" classname="com.ols.service.TransactionServiceTest" time="0.006"/>
  <testcase name="process_shouldAlwaysTransitionThroughProcessing()[1]" classname="com.ols.service.TransactionServiceTest" time="0.01">
    <system-out><![CDATA[2026-06-10 01:23:32 [no-trace] INFO  com.ols.service.TransactionService - >>> Procesando transacción ID: 1 | Estado actual: RECEIVED
2026-06-10 01:23:32 [no-trace] INFO  com.ols.service.TransactionService - >>> ID: 1 | Cambiando a PROCESSING
2026-06-10 01:23:32 [no-trace] INFO  com.ols.service.TransactionService - >>> ID: 1 | Cambiando a PROCESSED
]]></system-out>
  </testcase>
  <testcase name="process_shouldAlwaysTransitionThroughProcessing()[2]" classname="com.ols.service.TransactionServiceTest" time="0.003">
    <system-out><![CDATA[2026-06-10 01:23:32 [no-trace] INFO  com.ols.service.TransactionService - >>> Procesando transacción ID: 1 | Estado actual: RECEIVED
2026-06-10 01:23:32 [no-trace] INFO  com.ols.service.TransactionService - >>> ID: 1 | Cambiando a PROCESSING
2026-06-10 01:23:32 [no-trace] INFO  com.ols.service.TransactionService - >>> ID: 1 | Cambiando a PROCESSED
]]></system-out>
  </testcase>
  <testcase name="process_shouldAlwaysTransitionThroughProcessing()[3]" classname="com.ols.service.TransactionServiceTest" time="0.002">
    <system-out><![CDATA[2026-06-10 01:23:32 [no-trace] INFO  com.ols.service.TransactionService - >>> Procesando transacción ID: 1 | Estado actual: RECEIVED
2026-06-10 01:23:32 [no-trace] INFO  com.ols.service.TransactionService - >>> ID: 1 | Cambiando a PROCESSING
2026-06-10 01:23:32 [no-trace] INFO  com.ols.service.TransactionService - >>> ID: 1 | Cambiando a PROCESSED
]]></system-out>
  </testcase>
  <testcase name="process_shouldAlwaysTransitionThroughProcessing()[4]" classname="com.ols.service.TransactionServiceTest" time="0.002">
    <system-out><![CDATA[2026-06-10 01:23:32 [no-trace] INFO  com.ols.service.TransactionService - >>> Procesando transacción ID: 1 | Estado actual: RECEIVED
2026-06-10 01:23:32 [no-trace] INFO  com.ols.service.TransactionService - >>> ID: 1 | Cambiando a PROCESSING
2026-06-10 01:23:32 [no-trace] INFO  com.ols.service.TransactionService - >>> ID: 1 | Cambiando a PROCESSED
]]></system-out>
  </testcase>
  <testcase name="process_shouldAlwaysTransitionThroughProcessing()[5]" classname="com.ols.service.TransactionServiceTest" time="0.002">
    <system-out><![CDATA[2026-06-10 01:23:32 [no-trace] INFO  com.ols.service.TransactionService - >>> Procesando transacción ID: 1 | Estado actual: RECEIVED
2026-06-10 01:23:32 [no-trace] INFO  com.ols.service.TransactionService - >>> ID: 1 | Cambiando a PROCESSING
2026-06-10 01:23:32 [no-trace] INFO  com.ols.service.TransactionService - >>> ID: 1 | Cambiando a PROCESSED
]]></system-out>
  </testcase>
  <testcase name="process_shouldAlwaysTransitionThroughProcessing()[6]" classname="com.ols.service.TransactionServiceTest" time="0.002">
    <system-out><![CDATA[2026-06-10 01:23:32 [no-trace] INFO  com.ols.service.TransactionService - >>> Procesando transacción ID: 1 | Estado actual: RECEIVED
2026-06-10 01:23:32 [no-trace] INFO  com.ols.service.TransactionService - >>> ID: 1 | Cambiando a PROCESSING
2026-06-10 01:23:32 [no-trace] INFO  com.ols.service.TransactionService - >>> ID: 1 | Cambiando a PROCESSED
]]></system-out>
  </testcase>
  <testcase name="process_shouldAlwaysTransitionThroughProcessing()[7]" classname="com.ols.service.TransactionServiceTest" time="0.002">
    <system-out><![CDATA[2026-06-10 01:23:32 [no-trace] INFO  com.ols.service.TransactionService - >>> Procesando transacción ID: 1 | Estado actual: RECEIVED
2026-06-10 01:23:32 [no-trace] INFO  com.ols.service.TransactionService - >>> ID: 1 | Cambiando a PROCESSING
2026-06-10 01:23:32 [no-trace] INFO  com.ols.service.TransactionService - >>> ID: 1 | Cambiando a FAILED
]]></system-out>
  </testcase>
  <testcase name="process_shouldAlwaysTransitionThroughProcessing()[8]" classname="com.ols.service.TransactionServiceTest" time="0.001">
    <system-out><![CDATA[2026-06-10 01:23:32 [no-trace] INFO  com.ols.service.TransactionService - >>> Procesando transacción ID: 1 | Estado actual: RECEIVED
2026-06-10 01:23:32 [no-trace] INFO  com.ols.service.TransactionService - >>> ID: 1 | Cambiando a PROCESSING
2026-06-10 01:23:32 [no-trace] INFO  com.ols.service.TransactionService - >>> ID: 1 | Cambiando a PROCESSED
]]></system-out>
  </testcase>
  <testcase name="process_shouldAlwaysTransitionThroughProcessing()[9]" classname="com.ols.service.TransactionServiceTest" time="0.002">
    <system-out><![CDATA[2026-06-10 01:23:32 [no-trace] INFO  com.ols.service.TransactionService - >>> Procesando transacción ID: 1 | Estado actual: RECEIVED
2026-06-10 01:23:32 [no-trace] INFO  com.ols.service.TransactionService - >>> ID: 1 | Cambiando a PROCESSING
2026-06-10 01:23:32 [no-trace] INFO  com.ols.service.TransactionService - >>> ID: 1 | Cambiando a PROCESSED
]]></system-out>
  </testcase>
  <testcase name="process_shouldAlwaysTransitionThroughProcessing()[10]" classname="com.ols.service.TransactionServiceTest" time="0.002">
    <system-out><![CDATA[2026-06-10 01:23:32 [no-trace] INFO  com.ols.service.TransactionService - >>> Procesando transacción ID: 1 | Estado actual: RECEIVED
2026-06-10 01:23:32 [no-trace] INFO  com.ols.service.TransactionService - >>> ID: 1 | Cambiando a PROCESSING
2026-06-10 01:23:32 [no-trace] INFO  com.ols.service.TransactionService - >>> ID: 1 | Cambiando a PROCESSED
]]></system-out>
  </testcase>
  <testcase name="reprocess_shouldProcessAndReturnDetail_whenStatusIsFailed()[1]" classname="com.ols.service.TransactionServiceTest" time="0.01">
    <system-out><![CDATA[2026-06-10 01:23:32 [no-trace] INFO  com.ols.service.TransactionService - >>> ID: 1 | Reproceso solicitado manualmente
2026-06-10 01:23:32 [no-trace] INFO  com.ols.service.TransactionService - >>> Procesando transacción ID: 1 | Estado actual: FAILED
2026-06-10 01:23:32 [no-trace] INFO  com.ols.service.TransactionService - >>> ID: 1 | Cambiando a PROCESSING
2026-06-10 01:23:32 [no-trace] INFO  com.ols.service.TransactionService - >>> ID: 1 | Cambiando a PROCESSED
]]></system-out>
  </testcase>
  <testcase name="reprocess_shouldProcessAndReturnDetail_whenStatusIsFailed()[2]" classname="com.ols.service.TransactionServiceTest" time="0.002">
    <system-out><![CDATA[2026-06-10 01:23:32 [no-trace] INFO  com.ols.service.TransactionService - >>> ID: 1 | Reproceso solicitado manualmente
2026-06-10 01:23:32 [no-trace] INFO  com.ols.service.TransactionService - >>> Procesando transacción ID: 1 | Estado actual: FAILED
2026-06-10 01:23:32 [no-trace] INFO  com.ols.service.TransactionService - >>> ID: 1 | Cambiando a PROCESSING
2026-06-10 01:23:32 [no-trace] INFO  com.ols.service.TransactionService - >>> ID: 1 | Cambiando a RETRY_PENDING
]]></system-out>
  </testcase>
  <testcase name="reprocess_shouldProcessAndReturnDetail_whenStatusIsFailed()[3]" classname="com.ols.service.TransactionServiceTest" time="0.002">
    <system-out><![CDATA[2026-06-10 01:23:32 [no-trace] INFO  com.ols.service.TransactionService - >>> ID: 1 | Reproceso solicitado manualmente
2026-06-10 01:23:32 [no-trace] INFO  com.ols.service.TransactionService - >>> Procesando transacción ID: 1 | Estado actual: FAILED
2026-06-10 01:23:32 [no-trace] INFO  com.ols.service.TransactionService - >>> ID: 1 | Cambiando a PROCESSING
2026-06-10 01:23:32 [no-trace] INFO  com.ols.service.TransactionService - >>> ID: 1 | Cambiando a PROCESSED
]]></system-out>
  </testcase>
  <testcase name="reprocess_shouldProcessAndReturnDetail_whenStatusIsFailed()[4]" classname="com.ols.service.TransactionServiceTest" time="0.001">
    <system-out><![CDATA[2026-06-10 01:23:32 [no-trace] INFO  com.ols.service.TransactionService - >>> ID: 1 | Reproceso solicitado manualmente
2026-06-10 01:23:32 [no-trace] INFO  com.ols.service.TransactionService - >>> Procesando transacción ID: 1 | Estado actual: FAILED
2026-06-10 01:23:32 [no-trace] INFO  com.ols.service.TransactionService - >>> ID: 1 | Cambiando a PROCESSING
2026-06-10 01:23:32 [no-trace] INFO  com.ols.service.TransactionService - >>> ID: 1 | Cambiando a RETRY_PENDING
]]></system-out>
  </testcase>
  <testcase name="reprocess_shouldProcessAndReturnDetail_whenStatusIsFailed()[5]" classname="com.ols.service.TransactionServiceTest" time="0.002">
    <system-out><![CDATA[2026-06-10 01:23:32 [no-trace] INFO  com.ols.service.TransactionService - >>> ID: 1 | Reproceso solicitado manualmente
2026-06-10 01:23:32 [no-trace] INFO  com.ols.service.TransactionService - >>> Procesando transacción ID: 1 | Estado actual: FAILED
2026-06-10 01:23:32 [no-trace] INFO  com.ols.service.TransactionService - >>> ID: 1 | Cambiando a PROCESSING
2026-06-10 01:23:32 [no-trace] INFO  com.ols.service.TransactionService - >>> ID: 1 | Cambiando a PROCESSED
]]></system-out>
  </testcase>
  <testcase name="register_shouldSaveEventWithStatusReceived" classname="com.ols.service.TransactionServiceTest" time="0.003">
    <system-out><![CDATA[2026-06-10 01:23:32 [no-trace] INFO  com.ols.service.TransactionService - ID: 1 | Transaccion registrada con estado RECEIVED
]]></system-out>
  </testcase>
  <testcase name="findById_shouldReturnEmptyEventList_whenNoEventsExist" classname="com.ols.service.TransactionServiceTest" time="0.001"/>
  <testcase name="process_shouldSaveAtLeastTwice_processingPlusFinalState()[1]" classname="com.ols.service.TransactionServiceTest" time="0.002">
    <system-out><![CDATA[2026-06-10 01:23:32 [no-trace] INFO  com.ols.service.TransactionService - >>> Procesando transacción ID: 1 | Estado actual: RECEIVED
2026-06-10 01:23:32 [no-trace] INFO  com.ols.service.TransactionService - >>> ID: 1 | Cambiando a PROCESSING
2026-06-10 01:23:32 [no-trace] INFO  com.ols.service.TransactionService - >>> ID: 1 | Cambiando a RETRY_PENDING
]]></system-out>
  </testcase>
  <testcase name="process_shouldSaveAtLeastTwice_processingPlusFinalState()[2]" classname="com.ols.service.TransactionServiceTest" time="0.001">
    <system-out><![CDATA[2026-06-10 01:23:32 [no-trace] INFO  com.ols.service.TransactionService - >>> Procesando transacción ID: 1 | Estado actual: RECEIVED
2026-06-10 01:23:32 [no-trace] INFO  com.ols.service.TransactionService - >>> ID: 1 | Cambiando a PROCESSING
2026-06-10 01:23:32 [no-trace] INFO  com.ols.service.TransactionService - >>> ID: 1 | Cambiando a PROCESSED
]]></system-out>
  </testcase>
  <testcase name="process_shouldSaveAtLeastTwice_processingPlusFinalState()[3]" classname="com.ols.service.TransactionServiceTest" time="0.001">
    <system-out><![CDATA[2026-06-10 01:23:32 [no-trace] INFO  com.ols.service.TransactionService - >>> Procesando transacción ID: 1 | Estado actual: RECEIVED
2026-06-10 01:23:32 [no-trace] INFO  com.ols.service.TransactionService - >>> ID: 1 | Cambiando a PROCESSING
2026-06-10 01:23:32 [no-trace] INFO  com.ols.service.TransactionService - >>> ID: 1 | Cambiando a RETRY_PENDING
]]></system-out>
  </testcase>
  <testcase name="process_shouldSaveAtLeastTwice_processingPlusFinalState()[4]" classname="com.ols.service.TransactionServiceTest" time="0.002">
    <system-out><![CDATA[2026-06-10 01:23:32 [no-trace] INFO  com.ols.service.TransactionService - >>> Procesando transacción ID: 1 | Estado actual: RECEIVED
2026-06-10 01:23:32 [no-trace] INFO  com.ols.service.TransactionService - >>> ID: 1 | Cambiando a PROCESSING
2026-06-10 01:23:32 [no-trace] INFO  com.ols.service.TransactionService - >>> ID: 1 | Cambiando a RETRY_PENDING
]]></system-out>
  </testcase>
  <testcase name="process_shouldSaveAtLeastTwice_processingPlusFinalState()[5]" classname="com.ols.service.TransactionServiceTest" time="0.002">
    <system-out><![CDATA[2026-06-10 01:23:32 [no-trace] INFO  com.ols.service.TransactionService - >>> Procesando transacción ID: 1 | Estado actual: RECEIVED
2026-06-10 01:23:32 [no-trace] INFO  com.ols.service.TransactionService - >>> ID: 1 | Cambiando a PROCESSING
2026-06-10 01:23:32 [no-trace] INFO  com.ols.service.TransactionService - >>> ID: 1 | Cambiando a RETRY_PENDING
]]></system-out>
  </testcase>
  <testcase name="process_shouldSaveAtLeastTwice_processingPlusFinalState()[6]" classname="com.ols.service.TransactionServiceTest" time="0.001">
    <system-out><![CDATA[2026-06-10 01:23:32 [no-trace] INFO  com.ols.service.TransactionService - >>> Procesando transacción ID: 1 | Estado actual: RECEIVED
2026-06-10 01:23:32 [no-trace] INFO  com.ols.service.TransactionService - >>> ID: 1 | Cambiando a PROCESSING
2026-06-10 01:23:32 [no-trace] INFO  com.ols.service.TransactionService - >>> ID: 1 | Cambiando a PROCESSED
]]></system-out>
  </testcase>
  <testcase name="process_shouldSaveAtLeastTwice_processingPlusFinalState()[7]" classname="com.ols.service.TransactionServiceTest" time="0.001">
    <system-out><![CDATA[2026-06-10 01:23:32 [no-trace] INFO  com.ols.service.TransactionService - >>> Procesando transacción ID: 1 | Estado actual: RECEIVED
2026-06-10 01:23:32 [no-trace] INFO  com.ols.service.TransactionService - >>> ID: 1 | Cambiando a PROCESSING
2026-06-10 01:23:32 [no-trace] INFO  com.ols.service.TransactionService - >>> ID: 1 | Cambiando a PROCESSED
]]></system-out>
  </testcase>
  <testcase name="process_shouldSaveAtLeastTwice_processingPlusFinalState()[8]" classname="com.ols.service.TransactionServiceTest" time="0.002">
    <system-out><![CDATA[2026-06-10 01:23:32 [no-trace] INFO  com.ols.service.TransactionService - >>> Procesando transacción ID: 1 | Estado actual: RECEIVED
2026-06-10 01:23:32 [no-trace] INFO  com.ols.service.TransactionService - >>> ID: 1 | Cambiando a PROCESSING
2026-06-10 01:23:32 [no-trace] INFO  com.ols.service.TransactionService - >>> ID: 1 | Cambiando a PROCESSED
]]></system-out>
  </testcase>
  <testcase name="process_shouldSaveAtLeastTwice_processingPlusFinalState()[9]" classname="com.ols.service.TransactionServiceTest" time="0.001">
    <system-out><![CDATA[2026-06-10 01:23:32 [no-trace] INFO  com.ols.service.TransactionService - >>> Procesando transacción ID: 1 | Estado actual: RECEIVED
2026-06-10 01:23:32 [no-trace] INFO  com.ols.service.TransactionService - >>> ID: 1 | Cambiando a PROCESSING
2026-06-10 01:23:32 [no-trace] INFO  com.ols.service.TransactionService - >>> ID: 1 | Cambiando a PROCESSED
]]></system-out>
  </testcase>
  <testcase name="process_shouldSaveAtLeastTwice_processingPlusFinalState()[10]" classname="com.ols.service.TransactionServiceTest" time="0.001">
    <system-out><![CDATA[2026-06-10 01:23:32 [no-trace] INFO  com.ols.service.TransactionService - >>> Procesando transacción ID: 1 | Estado actual: RECEIVED
2026-06-10 01:23:32 [no-trace] INFO  com.ols.service.TransactionService - >>> ID: 1 | Cambiando a PROCESSING
2026-06-10 01:23:32 [no-trace] INFO  com.ols.service.TransactionService - >>> ID: 1 | Cambiando a PROCESSED
]]></system-out>
  </testcase>
  <testcase name="reprocess_shouldThrowIllegalStateException_whenStatusIsReceived" classname="com.ols.service.TransactionServiceTest" time="0.002"/>
  <testcase name="process_shouldAlwaysEndInAValidFinalStatus()[1]" classname="com.ols.service.TransactionServiceTest" time="0.002">
    <system-out><![CDATA[2026-06-10 01:23:32 [no-trace] INFO  com.ols.service.TransactionService - >>> Procesando transacción ID: 1 | Estado actual: RECEIVED
2026-06-10 01:23:32 [no-trace] INFO  com.ols.service.TransactionService - >>> ID: 1 | Cambiando a PROCESSING
2026-06-10 01:23:32 [no-trace] INFO  com.ols.service.TransactionService - >>> ID: 1 | Cambiando a RETRY_PENDING
]]></system-out>
  </testcase>
  <testcase name="process_shouldAlwaysEndInAValidFinalStatus()[2]" classname="com.ols.service.TransactionServiceTest" time="0.002">
    <system-out><![CDATA[2026-06-10 01:23:32 [no-trace] INFO  com.ols.service.TransactionService - >>> Procesando transacción ID: 1 | Estado actual: RECEIVED
2026-06-10 01:23:32 [no-trace] INFO  com.ols.service.TransactionService - >>> ID: 1 | Cambiando a PROCESSING
2026-06-10 01:23:32 [no-trace] INFO  com.ols.service.TransactionService - >>> ID: 1 | Cambiando a FAILED
]]></system-out>
  </testcase>
  <testcase name="process_shouldAlwaysEndInAValidFinalStatus()[3]" classname="com.ols.service.TransactionServiceTest" time="0.002">
    <system-out><![CDATA[2026-06-10 01:23:32 [no-trace] INFO  com.ols.service.TransactionService - >>> Procesando transacción ID: 1 | Estado actual: RECEIVED
2026-06-10 01:23:32 [no-trace] INFO  com.ols.service.TransactionService - >>> ID: 1 | Cambiando a PROCESSING
2026-06-10 01:23:32 [no-trace] INFO  com.ols.service.TransactionService - >>> ID: 1 | Cambiando a PROCESSED
]]></system-out>
  </testcase>
  <testcase name="process_shouldAlwaysEndInAValidFinalStatus()[4]" classname="com.ols.service.TransactionServiceTest" time="0.001">
    <system-out><![CDATA[2026-06-10 01:23:32 [no-trace] INFO  com.ols.service.TransactionService - >>> Procesando transacción ID: 1 | Estado actual: RECEIVED
2026-06-10 01:23:32 [no-trace] INFO  com.ols.service.TransactionService - >>> ID: 1 | Cambiando a PROCESSING
2026-06-10 01:23:32 [no-trace] INFO  com.ols.service.TransactionService - >>> ID: 1 | Cambiando a PROCESSED
]]></system-out>
  </testcase>
  <testcase name="process_shouldAlwaysEndInAValidFinalStatus()[5]" classname="com.ols.service.TransactionServiceTest" time="0.001">
    <system-out><![CDATA[2026-06-10 01:23:32 [no-trace] INFO  com.ols.service.TransactionService - >>> Procesando transacción ID: 1 | Estado actual: RECEIVED
2026-06-10 01:23:32 [no-trace] INFO  com.ols.service.TransactionService - >>> ID: 1 | Cambiando a PROCESSING
2026-06-10 01:23:32 [no-trace] INFO  com.ols.service.TransactionService - >>> ID: 1 | Cambiando a PROCESSED
]]></system-out>
  </testcase>
  <testcase name="process_shouldAlwaysEndInAValidFinalStatus()[6]" classname="com.ols.service.TransactionServiceTest" time="0.001">
    <system-out><![CDATA[2026-06-10 01:23:32 [no-trace] INFO  com.ols.service.TransactionService - >>> Procesando transacción ID: 1 | Estado actual: RECEIVED
2026-06-10 01:23:32 [no-trace] INFO  com.ols.service.TransactionService - >>> ID: 1 | Cambiando a PROCESSING
2026-06-10 01:23:32 [no-trace] INFO  com.ols.service.TransactionService - >>> ID: 1 | Cambiando a PROCESSED
]]></system-out>
  </testcase>
  <testcase name="process_shouldAlwaysEndInAValidFinalStatus()[7]" classname="com.ols.service.TransactionServiceTest" time="0.001">
    <system-out><![CDATA[2026-06-10 01:23:32 [no-trace] INFO  com.ols.service.TransactionService - >>> Procesando transacción ID: 1 | Estado actual: RECEIVED
2026-06-10 01:23:32 [no-trace] INFO  com.ols.service.TransactionService - >>> ID: 1 | Cambiando a PROCESSING
2026-06-10 01:23:32 [no-trace] INFO  com.ols.service.TransactionService - >>> ID: 1 | Cambiando a PROCESSED
]]></system-out>
  </testcase>
  <testcase name="process_shouldAlwaysEndInAValidFinalStatus()[8]" classname="com.ols.service.TransactionServiceTest" time="0.002">
    <system-out><![CDATA[2026-06-10 01:23:32 [no-trace] INFO  com.ols.service.TransactionService - >>> Procesando transacción ID: 1 | Estado actual: RECEIVED
2026-06-10 01:23:32 [no-trace] INFO  com.ols.service.TransactionService - >>> ID: 1 | Cambiando a PROCESSING
2026-06-10 01:23:32 [no-trace] INFO  com.ols.service.TransactionService - >>> ID: 1 | Cambiando a PROCESSED
]]></system-out>
  </testcase>
  <testcase name="process_shouldAlwaysEndInAValidFinalStatus()[9]" classname="com.ols.service.TransactionServiceTest" time="0.001">
    <system-out><![CDATA[2026-06-10 01:23:32 [no-trace] INFO  com.ols.service.TransactionService - >>> Procesando transacción ID: 1 | Estado actual: RECEIVED
2026-06-10 01:23:32 [no-trace] INFO  com.ols.service.TransactionService - >>> ID: 1 | Cambiando a PROCESSING
2026-06-10 01:23:32 [no-trace] INFO  com.ols.service.TransactionService - >>> ID: 1 | Cambiando a FAILED
]]></system-out>
  </testcase>
  <testcase name="process_shouldAlwaysEndInAValidFinalStatus()[10]" classname="com.ols.service.TransactionServiceTest" time="0.002">
    <system-out><![CDATA[2026-06-10 01:23:32 [no-trace] INFO  com.ols.service.TransactionService - >>> Procesando transacción ID: 1 | Estado actual: RECEIVED
2026-06-10 01:23:32 [no-trace] INFO  com.ols.service.TransactionService - >>> ID: 1 | Cambiando a PROCESSING
2026-06-10 01:23:32 [no-trace] INFO  com.ols.service.TransactionService - >>> ID: 1 | Cambiando a PROCESSED
]]></system-out>
  </testcase>
  <testcase name="reprocess_shouldSaveReprocessEventBeforeProcessing" classname="com.ols.service.TransactionServiceTest" time="0.002">
    <system-out><![CDATA[2026-06-10 01:23:32 [no-trace] INFO  com.ols.service.TransactionService - >>> ID: 1 | Reproceso solicitado manualmente
2026-06-10 01:23:32 [no-trace] INFO  com.ols.service.TransactionService - >>> Procesando transacción ID: 1 | Estado actual: FAILED
2026-06-10 01:23:32 [no-trace] INFO  com.ols.service.TransactionService - >>> ID: 1 | Cambiando a PROCESSING
2026-06-10 01:23:32 [no-trace] INFO  com.ols.service.TransactionService - >>> ID: 1 | Cambiando a FAILED
]]></system-out>
  </testcase>
  <testcase name="register_shouldReturnResponseDTO_whenExternalIdIsNew" classname="com.ols.service.TransactionServiceTest" time="0.002">
    <system-out><![CDATA[2026-06-10 01:23:32 [no-trace] INFO  com.ols.service.TransactionService - ID: 1 | Transaccion registrada con estado RECEIVED
]]></system-out>
  </testcase>
  <testcase name="findById_shouldThrowIllegalArgumentException_whenNotFound" classname="com.ols.service.TransactionServiceTest" time="0.002"/>
  <testcase name="register_shouldThrowIllegalStateException_whenExternalIdAlreadyExists" classname="com.ols.service.TransactionServiceTest" time="0.002"/>
  <testcase name="reprocess_shouldThrowIllegalArgumentException_whenTransactionNotFound" classname="com.ols.service.TransactionServiceTest" time="0.001"/>
  <testcase name="process_shouldSetErrorMessage_whenTransactionFails()[1]" classname="com.ols.service.TransactionServiceTest" time="0.001">
    <system-out><![CDATA[2026-06-10 01:23:32 [no-trace] INFO  com.ols.service.TransactionService - >>> Procesando transacción ID: 1 | Estado actual: RECEIVED
2026-06-10 01:23:32 [no-trace] INFO  com.ols.service.TransactionService - >>> ID: 1 | Cambiando a PROCESSING
2026-06-10 01:23:32 [no-trace] INFO  com.ols.service.TransactionService - >>> ID: 1 | Cambiando a PROCESSED
]]></system-out>
  </testcase>
  <testcase name="process_shouldSetErrorMessage_whenTransactionFails()[2]" classname="com.ols.service.TransactionServiceTest" time="0.001">
    <system-out><![CDATA[2026-06-10 01:23:32 [no-trace] INFO  com.ols.service.TransactionService - >>> Procesando transacción ID: 1 | Estado actual: RECEIVED
2026-06-10 01:23:32 [no-trace] INFO  com.ols.service.TransactionService - >>> ID: 1 | Cambiando a PROCESSING
2026-06-10 01:23:32 [no-trace] INFO  com.ols.service.TransactionService - >>> ID: 1 | Cambiando a PROCESSED
]]></system-out>
  </testcase>
  <testcase name="process_shouldSetErrorMessage_whenTransactionFails()[3]" classname="com.ols.service.TransactionServiceTest" time="0.002">
    <system-out><![CDATA[2026-06-10 01:23:32 [no-trace] INFO  com.ols.service.TransactionService - >>> Procesando transacción ID: 1 | Estado actual: RECEIVED
2026-06-10 01:23:32 [no-trace] INFO  com.ols.service.TransactionService - >>> ID: 1 | Cambiando a PROCESSING
2026-06-10 01:23:32 [no-trace] INFO  com.ols.service.TransactionService - >>> ID: 1 | Cambiando a RETRY_PENDING
]]></system-out>
  </testcase>
  <testcase name="process_shouldSetErrorMessage_whenTransactionFails()[4]" classname="com.ols.service.TransactionServiceTest" time="0.001">
    <system-out><![CDATA[2026-06-10 01:23:32 [no-trace] INFO  com.ols.service.TransactionService - >>> Procesando transacción ID: 1 | Estado actual: RECEIVED
2026-06-10 01:23:32 [no-trace] INFO  com.ols.service.TransactionService - >>> ID: 1 | Cambiando a PROCESSING
2026-06-10 01:23:32 [no-trace] INFO  com.ols.service.TransactionService - >>> ID: 1 | Cambiando a PROCESSED
]]></system-out>
  </testcase>
  <testcase name="process_shouldSetErrorMessage_whenTransactionFails()[5]" classname="com.ols.service.TransactionServiceTest" time="0.002">
    <system-out><![CDATA[2026-06-10 01:23:32 [no-trace] INFO  com.ols.service.TransactionService - >>> Procesando transacción ID: 1 | Estado actual: RECEIVED
2026-06-10 01:23:32 [no-trace] INFO  com.ols.service.TransactionService - >>> ID: 1 | Cambiando a PROCESSING
2026-06-10 01:23:32 [no-trace] INFO  com.ols.service.TransactionService - >>> ID: 1 | Cambiando a FAILED
]]></system-out>
  </testcase>
  <testcase name="process_shouldSetErrorMessage_whenTransactionFails()[6]" classname="com.ols.service.TransactionServiceTest" time="0.001">
    <system-out><![CDATA[2026-06-10 01:23:32 [no-trace] INFO  com.ols.service.TransactionService - >>> Procesando transacción ID: 1 | Estado actual: RECEIVED
2026-06-10 01:23:32 [no-trace] INFO  com.ols.service.TransactionService - >>> ID: 1 | Cambiando a PROCESSING
2026-06-10 01:23:32 [no-trace] INFO  com.ols.service.TransactionService - >>> ID: 1 | Cambiando a PROCESSED
]]></system-out>
  </testcase>
  <testcase name="process_shouldSetErrorMessage_whenTransactionFails()[7]" classname="com.ols.service.TransactionServiceTest" time="0.002">
    <system-out><![CDATA[2026-06-10 01:23:32 [no-trace] INFO  com.ols.service.TransactionService - >>> Procesando transacción ID: 1 | Estado actual: RECEIVED
2026-06-10 01:23:32 [no-trace] INFO  com.ols.service.TransactionService - >>> ID: 1 | Cambiando a PROCESSING
2026-06-10 01:23:32 [no-trace] INFO  com.ols.service.TransactionService - >>> ID: 1 | Cambiando a FAILED
]]></system-out>
  </testcase>
  <testcase name="process_shouldSetErrorMessage_whenTransactionFails()[8]" classname="com.ols.service.TransactionServiceTest" time="0.001">
    <system-out><![CDATA[2026-06-10 01:23:32 [no-trace] INFO  com.ols.service.TransactionService - >>> Procesando transacción ID: 1 | Estado actual: RECEIVED
2026-06-10 01:23:32 [no-trace] INFO  com.ols.service.TransactionService - >>> ID: 1 | Cambiando a PROCESSING
2026-06-10 01:23:32 [no-trace] INFO  com.ols.service.TransactionService - >>> ID: 1 | Cambiando a RETRY_PENDING
]]></system-out>
  </testcase>
  <testcase name="process_shouldSetErrorMessage_whenTransactionFails()[9]" classname="com.ols.service.TransactionServiceTest" time="0.001">
    <system-out><![CDATA[2026-06-10 01:23:32 [no-trace] INFO  com.ols.service.TransactionService - >>> Procesando transacción ID: 1 | Estado actual: RECEIVED
2026-06-10 01:23:32 [no-trace] INFO  com.ols.service.TransactionService - >>> ID: 1 | Cambiando a PROCESSING
2026-06-10 01:23:32 [no-trace] INFO  com.ols.service.TransactionService - >>> ID: 1 | Cambiando a RETRY_PENDING
]]></system-out>
  </testcase>
  <testcase name="process_shouldSetErrorMessage_whenTransactionFails()[10]" classname="com.ols.service.TransactionServiceTest" time="0.001">
    <system-out><![CDATA[2026-06-10 01:23:32 [no-trace] INFO  com.ols.service.TransactionService - >>> Procesando transacción ID: 1 | Estado actual: RECEIVED
2026-06-10 01:23:32 [no-trace] INFO  com.ols.service.TransactionService - >>> ID: 1 | Cambiando a PROCESSING
2026-06-10 01:23:32 [no-trace] INFO  com.ols.service.TransactionService - >>> ID: 1 | Cambiando a PROCESSED
]]></system-out>
  </testcase>
  <testcase name="findById_shouldReturnDetailWithEvents_whenTransactionExists" classname="com.ols.service.TransactionServiceTest" time="0.002"/>
  <testcase name="reprocess_shouldThrowIllegalStateException_whenStatusIsNotFailed" classname="com.ols.service.TransactionServiceTest" time="0.002"/>
</testsuite>